
Started analysis of SRR6078292_1.fastq.gz
Approx 5% complete for SRR6078292_1.fastq.gz
Approx 10% complete for SRR6078292_1.fastq.gz
Approx 15% complete for SRR6078292_1.fastq.gz
Approx 20% complete for SRR6078292_1.fastq.gz
Approx 25% complete for SRR6078292_1.fastq.gz
Approx 30% complete for SRR6078292_1.fastq.gz
Approx 35% complete for SRR6078292_1.fastq.gz
Approx 40% complete for SRR6078292_1.fastq.gz
Approx 45% complete for SRR6078292_1.fastq.gz
Approx 50% complete for SRR6078292_1.fastq.gz
Approx 55% complete for SRR6078292_1.fastq.gz
Approx 60% complete for SRR6078292_1.fastq.gz
Approx 65% complete for SRR6078292_1.fastq.gz
Approx 70% complete for SRR6078292_1.fastq.gz
Approx 75% complete for SRR6078292_1.fastq.gz
Approx 80% complete for SRR6078292_1.fastq.gz
Approx 85% complete for SRR6078292_1.fastq.gz
Approx 90% complete for SRR6078292_1.fastq.gz
Approx 95% complete for SRR6078292_1.fastq.gz
Analysis complete for SRR6078292_1.fastq.gz
Started analysis of SRR6078292_2.fastq.gz
Approx 5% complete for SRR6078292_2.fastq.gz
Approx 10% complete for SRR6078292_2.fastq.gz
Approx 15% complete for SRR6078292_2.fastq.gz
Approx 20% complete for SRR6078292_2.fastq.gz
Approx 25% complete for SRR6078292_2.fastq.gz
Approx 30% complete for SRR6078292_2.fastq.gz
Approx 35% complete for SRR6078292_2.fastq.gz
Approx 40% complete for SRR6078292_2.fastq.gz
Approx 45% complete for SRR6078292_2.fastq.gz
Approx 50% complete for SRR6078292_2.fastq.gz
Approx 55% complete for SRR6078292_2.fastq.gz
Approx 60% complete for SRR6078292_2.fastq.gz
Approx 65% complete for SRR6078292_2.fastq.gz
Approx 70% complete for SRR6078292_2.fastq.gz
Approx 75% complete for SRR6078292_2.fastq.gz
Approx 80% complete for SRR6078292_2.fastq.gz
Approx 85% complete for SRR6078292_2.fastq.gz
Approx 90% complete for SRR6078292_2.fastq.gz
Approx 95% complete for SRR6078292_2.fastq.gz
Approx 100% complete for SRR6078292_2.fastq.gz
It seems our guess for the total number of records wasn't very good.  Sorry about that.
Still going at 105% complete for SRR6078292_2.fastq.gz
Still going at 110% complete for SRR6078292_2.fastq.gz
Still going at 115% complete for SRR6078292_2.fastq.gz
Still going at 120% complete for SRR6078292_2.fastq.gz
Still going at 125% complete for SRR6078292_2.fastq.gz
Still going at 130% complete for SRR6078292_2.fastq.gz
Still going at 135% complete for SRR6078292_2.fastq.gz
Still going at 140% complete for SRR6078292_2.fastq.gz
Still going at 145% complete for SRR6078292_2.fastq.gz
Still going at 150% complete for SRR6078292_2.fastq.gz
Still going at 155% complete for SRR6078292_2.fastq.gz
Still going at 160% complete for SRR6078292_2.fastq.gz
Analysis complete for SRR6078292_2.fastq.gz
Started analysis of SRR6078288_1.fastq.gz
Started analysis of SRR6078288_2.fastq.gz
Approx 5% complete for SRR6078288_1.fastq.gz
Approx 5% complete for SRR6078288_2.fastq.gz
Approx 10% complete for SRR6078288_2.fastq.gz
Approx 10% complete for SRR6078288_1.fastq.gz
Approx 15% complete for SRR6078288_2.fastq.gz
Approx 15% complete for SRR6078288_1.fastq.gz
Approx 20% complete for SRR6078288_1.fastq.gz
Approx 20% complete for SRR6078288_2.fastq.gz
Approx 25% complete for SRR6078288_1.fastq.gz
Approx 25% complete for SRR6078288_2.fastq.gz
Approx 30% complete for SRR6078288_1.fastq.gz
Approx 30% complete for SRR6078288_2.fastq.gz
Approx 35% complete for SRR6078288_1.fastq.gz
Approx 35% complete for SRR6078288_2.fastq.gz
Approx 40% complete for SRR6078288_1.fastq.gz
Approx 40% complete for SRR6078288_2.fastq.gz
Approx 45% complete for SRR6078288_1.fastq.gz
Approx 45% complete for SRR6078288_2.fastq.gz
Approx 50% complete for SRR6078288_1.fastq.gz
Approx 50% complete for SRR6078288_2.fastq.gz
Approx 55% complete for SRR6078288_1.fastq.gz
Approx 55% complete for SRR6078288_2.fastq.gz
Approx 60% complete for SRR6078288_1.fastq.gz
Approx 60% complete for SRR6078288_2.fastq.gz
Approx 65% complete for SRR6078288_1.fastq.gz
Approx 65% complete for SRR6078288_2.fastq.gz
Approx 70% complete for SRR6078288_1.fastq.gz
Approx 70% complete for SRR6078288_2.fastq.gz
Approx 75% complete for SRR6078288_1.fastq.gz
Approx 75% complete for SRR6078288_2.fastq.gz
Approx 80% complete for SRR6078288_1.fastq.gz
Approx 80% complete for SRR6078288_2.fastq.gz
Approx 85% complete for SRR6078288_1.fastq.gz
Approx 85% complete for SRR6078288_2.fastq.gz
Approx 90% complete for SRR6078288_1.fastq.gz
Approx 90% complete for SRR6078288_2.fastq.gz
Approx 95% complete for SRR6078288_1.fastq.gz
Approx 95% complete for SRR6078288_2.fastq.gz
Analysis complete for SRR6078288_1.fastq.gz
Analysis complete for SRR6078288_2.fastq.gz
