Settings:
  Output files: "reference/GRCh38.fa.*.ht2"
  Line rate: 6 (line is 64 bytes)
  Lines per side: 1 (side is 64 bytes)
  Offset rate: 4 (one in 16)
  FTable chars: 10
  Strings: unpacked
  Local offset rate: 3 (one in 8)
  Local fTable chars: 6
  Local sequence length: 57344
  Local sequence overlap between two consecutive indexes: 1024
  Endianness: little
  Actual local endianness: little
  Sanity checking: disabled
  Assertions: disabled
  Random seed: 0
  Sizeofs: void*:8, int:4, long:8, size_t:8
Input files DNA, FASTA:
  reference/GRCh38.fa
Reading reference sizes
  Time reading reference sizes: 00:00:17
Calculating joined length
Writing header
Reserving space for joined string
Joining reference sequences
  Time to join reference sequences: 00:00:12
  Time to read SNPs and splice sites: 00:00:00
Using parameters --bmax 550289334 --dcv 1024
  Doing ahead-of-time memory usage test
  Passed!  Constructing with these parameters: --bmax 550289334 --dcv 1024
Constructing suffix-array element generator
Building DifferenceCoverSample
  Building sPrime
  Building sPrimeOrder
  V-Sorting samples
  V-Sorting samples time: 00:01:15
  Allocating rank array
  Ranking v-sort output
  Ranking v-sort output time: 00:00:26
  Invoking Larsson-Sadakane on ranks
  Invoking Larsson-Sadakane on ranks time: 00:00:35
  Sanity-checking and returning
Building samples
Reserving space for 12 sample suffixes
Generating random suffixes
QSorting 12 sample offsets, eliminating duplicates
QSorting sample offsets, eliminating duplicates time: 00:00:00
Multikey QSorting 12 samples
  (Using difference cover)
  Multikey QSorting samples time: 00:00:00
Calculating bucket sizes
Splitting and merging
  Splitting and merging time: 00:00:00
Split 1, merged 7; iterating...
Splitting and merging
  Splitting and merging time: 00:00:00
Split 1, merged 0; iterating...
Splitting and merging
  Splitting and merging time: 00:00:00
Split 1, merged 1; iterating...
Splitting and merging
  Splitting and merging time: 00:00:00
Avg bucket size: 4.19268e+08 (target: 550289333)
Converting suffix-array elements to index image
Allocating ftab, absorbFtab
Entering GFM loop
Getting block 1 of 7
  Reserving size (550289334) for bucket 1
  Calculating Z arrays for bucket 1
  Entering block accumulator loop for bucket 1:
  bucket 1: 10%
  bucket 1: 20%
  bucket 1: 30%
  bucket 1: 40%
  bucket 1: 50%
  bucket 1: 60%
  bucket 1: 70%
  bucket 1: 80%
  bucket 1: 90%
  bucket 1: 100%
  Sorting block of length 502825560 for bucket 1
  (Using difference cover)
  Sorting block time: 00:04:07
Returning block of 502825561 for bucket 1
Getting block 2 of 7
  Reserving size (550289334) for bucket 2
  Calculating Z arrays for bucket 2
  Entering block accumulator loop for bucket 2:
  bucket 2: 10%
  bucket 2: 20%
  bucket 2: 30%
  bucket 2: 40%
  bucket 2: 50%
  bucket 2: 60%
  bucket 2: 70%
  bucket 2: 80%
  bucket 2: 90%
  bucket 2: 100%
  Sorting block of length 446775100 for bucket 2
  (Using difference cover)
  Sorting block time: 00:03:24
Returning block of 446775101 for bucket 2
Getting block 3 of 7
  Reserving size (550289334) for bucket 3
  Calculating Z arrays for bucket 3
  Entering block accumulator loop for bucket 3:
  bucket 3: 10%
  bucket 3: 20%
  bucket 3: 30%
  bucket 3: 40%
  bucket 3: 50%
  bucket 3: 60%
  bucket 3: 70%
  bucket 3: 80%
  bucket 3: 90%
  bucket 3: 100%
  Sorting block of length 419498708 for bucket 3
  (Using difference cover)
  Sorting block time: 00:03:21
Returning block of 419498709 for bucket 3
Getting block 4 of 7
  Reserving size (550289334) for bucket 4
  Calculating Z arrays for bucket 4
  Entering block accumulator loop for bucket 4:
  bucket 4: 10%
  bucket 4: 20%
  bucket 4: 30%
  bucket 4: 40%
  bucket 4: 50%
  bucket 4: 60%
  bucket 4: 70%
  bucket 4: 80%
  bucket 4: 90%
  bucket 4: 100%
  Sorting block of length 441403629 for bucket 4
  (Using difference cover)
  Sorting block time: 00:03:39
Returning block of 441403630 for bucket 4
Getting block 5 of 7
  Reserving size (550289334) for bucket 5
  Calculating Z arrays for bucket 5
  Entering block accumulator loop for bucket 5:
  bucket 5: 10%
  bucket 5: 20%
  bucket 5: 30%
  bucket 5: 40%
  bucket 5: 50%
  bucket 5: 60%
  bucket 5: 70%
  bucket 5: 80%
  bucket 5: 90%
  bucket 5: 100%
  Sorting block of length 484989501 for bucket 5
  (Using difference cover)
  Sorting block time: 00:03:54
Returning block of 484989502 for bucket 5
Getting block 6 of 7
  Reserving size (550289334) for bucket 6
  Calculating Z arrays for bucket 6
  Entering block accumulator loop for bucket 6:
  bucket 6: 10%
  bucket 6: 20%
  bucket 6: 30%
  bucket 6: 40%
  bucket 6: 50%
  bucket 6: 60%
  bucket 6: 70%
  bucket 6: 80%
  bucket 6: 90%
  bucket 6: 100%
  Sorting block of length 528181731 for bucket 6
  (Using difference cover)
  Sorting block time: 00:04:28
Returning block of 528181732 for bucket 6
Getting block 7 of 7
  Reserving size (550289334) for bucket 7
  Calculating Z arrays for bucket 7
  Entering block accumulator loop for bucket 7:
  bucket 7: 10%
  bucket 7: 20%
  bucket 7: 30%
  bucket 7: 40%
  bucket 7: 50%
  bucket 7: 60%
  bucket 7: 70%
  bucket 7: 80%
  bucket 7: 90%
  bucket 7: 100%
  Sorting block of length 111202216 for bucket 7
  (Using difference cover)
  Sorting block time: 00:00:52
Returning block of 111202217 for bucket 7
Exited GFM loop
fchr[A]: 0
fchr[C]: 866420001
fchr[G]: 1465103434
fchr[T]: 2065958374
fchr[$]: 2934876451
Exiting GFM::buildToDisk()
Returning from initFromVector
Wrote 982525170 bytes to primary GFM file: reference/GRCh38.fa.1.ht2
Wrote 733719120 bytes to secondary GFM file: reference/GRCh38.fa.2.ht2
Re-opening _in1 and _in2 as input streams
Returning from GFM constructor
Returning from initFromVector
Wrote 1290543769 bytes to primary GFM file: reference/GRCh38.fa.5.ht2
Wrote 747150216 bytes to secondary GFM file: reference/GRCh38.fa.6.ht2
Re-opening _in5 and _in5 as input streams
Returning from HGFM constructor
Headers:
    len: 2934876451
    gbwtLen: 2934876452
    nodes: 2934876452
    sz: 733719113
    gbwtSz: 733719114
    lineRate: 6
    offRate: 4
    offMask: 0xfffffff0
    ftabChars: 10
    eftabLen: 0
    eftabSz: 0
    ftabLen: 1048577
    ftabSz: 4194308
    offsLen: 183429779
    offsSz: 733719116
    lineSz: 64
    sideSz: 64
    sideGbwtSz: 48
    sideGbwtLen: 192
    numSides: 15285815
    numLines: 15285815
    gbwtTotLen: 978292160
    gbwtTotSz: 978292160
    reverse: 0
    linearFM: Yes
Total time for call to driver() for forward index: 00:56:38
