
        ==========     _____ _    _ ____  _____  ______          _____  
        =====         / ____| |  | |  _ \|  __ \|  ____|   /\   |  __ \ 
          =====      | (___ | |  | | |_) | |__) | |__     /  \  | |  | |
            ====      \___ \| |  | |  _ <|  _  /|  __|   / /\ \ | |  | |
              ====    ____) | |__| | |_) | | \ \| |____ / ____ \| |__| |
        ==========   |_____/ \____/|____/|_|  \_\______/_/    \_\_____/
	  v2.0.1

//================================= setting ==================================\\
||                                                                            ||
||                Index name : GRCh38.fa.Subread_index                        ||
||               Index space : base space                                     ||
||                    Memory : 8000 Mbytes                                    ||
||          Repeat threshold : 100 repeats                                    ||
||              Gapped index : yes                                            ||
||                                                                            ||
||       Free / total memory : 11.3GB / 13.6GB                                ||
||                                                                            ||
||               Input files : 1 file in total                                ||
||                             o GRCh38.fa                                    ||
||                                                                            ||
\\============================================================================//

//================================= Running ==================================\\
||                                                                            ||
|| Check the integrity of provided reference sequences ...                    ||
|| There were 94 notes for reference sequences.                               ||
|| The notes can be found in the log file, 'reference/GRCh38.fa.Subread_i ... ||
|| Scan uninformative subreads in reference sequences ...                     ||
|| 225010 uninformative subreads were found.                                  ||
|| These subreads were excluded from index building.                          ||
|| Estimate the index size...                                                 ||
||    8%,   0 mins elapsed, rate=11046.0k bps/s                               ||
||   16%,   0 mins elapsed, rate=10484.6k bps/s                               ||
||   24%,   1 mins elapsed, rate=9796.0k bps/s                                ||
||   33%,   1 mins elapsed, rate=9574.6k bps/s                                ||
||   41%,   2 mins elapsed, rate=9543.9k bps/s                                ||
||   49%,   2 mins elapsed, rate=9691.2k bps/s                                ||
||   58%,   3 mins elapsed, rate=9872.9k bps/s                                ||
||   66%,   3 mins elapsed, rate=9958.8k bps/s                                ||
||   74%,   3 mins elapsed, rate=10178.2k bps/s                               ||
||   83%,   4 mins elapsed, rate=10112.2k bps/s                               ||
||   91%,   4 mins elapsed, rate=10248.1k bps/s                               ||
|| 5.9 GB of memory is needed for index building.                             ||
|| Build the index...                                                         ||
||    8%,   0 mins elapsed, rate=5958.4k bps/s                                ||
||   16%,   1 mins elapsed, rate=6023.0k bps/s                                ||
||   24%,   2 mins elapsed, rate=6010.1k bps/s                                ||
||   33%,   2 mins elapsed, rate=5828.0k bps/s                                ||
||   41%,   3 mins elapsed, rate=5774.7k bps/s                                ||
||   49%,   4 mins elapsed, rate=5659.1k bps/s                                ||
||   58%,   5 mins elapsed, rate=5647.8k bps/s                                ||
||   66%,   6 mins elapsed, rate=5597.8k bps/s                                ||
||   74%,   6 mins elapsed, rate=5669.2k bps/s                                ||
||   83%,   7 mins elapsed, rate=5677.4k bps/s                                ||
||   91%,   8 mins elapsed, rate=5762.3k bps/s                                ||
|| Save current index block...                                                ||
||  [ 0.0% finished ]                                                         ||
||  [ 10.0% finished ]                                                        ||
||  [ 20.0% finished ]                                                        ||
||  [ 30.0% finished ]                                                        ||
||  [ 40.0% finished ]                                                        ||
||  [ 50.0% finished ]                                                        ||
||  [ 60.0% finished ]                                                        ||
||  [ 70.0% finished ]                                                        ||
||  [ 80.0% finished ]                                                        ||
||  [ 90.0% finished ]                                                        ||
||  [ 100.0% finished ]                                                       ||
||                                                                            ||
||                     Total running time: 21.0 minutes.                      ||
||      Index reference/GRCh38.fa.Subread_index was successfully built!       ||
||                                                                            ||
\\============================================================================//

