
        ==========     _____ _    _ ____  _____  ______          _____  
        =====         / ____| |  | |  _ \|  __ \|  ____|   /\   |  __ \ 
          =====      | (___ | |  | | |_) | |__) | |__     /  \  | |  | |
            ====      \___ \| |  | |  _ <|  _  /|  __|   / /\ \ | |  | |
              ====    ____) | |__| | |_) | | \ \| |____ / ____ \| |__| |
        ==========   |_____/ \____/|____/|_|  \_\______/_/    \_\_____/
	  v2.0.1

//================================= setting ==================================\\
||                                                                            ||
|| Function      : Read alignment (RNA-Seq)                                   ||
|| Input file 1  : SRR6078292_1.tp.fastq.gz                                   ||
|| Input file 2  : SRR6078292_2.tp.fastq.gz                                   ||
|| Output file   : SRR6078292.bam (BAM)                                       ||
|| Index name    : GRCh38.fa.Subread_index                                    ||
||                                                                            ||
||                    ------------------------------------                    ||
||                                                                            ||
||                               Threads : 6                                  ||
||                          Phred offset : 33                                 ||
||               # of extracted subreads : 10                                 ||
||                        Min read1 vote : 3                                  ||
||                        Min read2 vote : 1                                  ||
||                     Max fragment size : 600                                ||
||                     Min fragment size : 50                                 ||
||                        Max mismatches : 3                                  ||
||                      Max indel length : 5                                  ||
||            Report multi-mapping reads : no                                 ||
|| Max alignments per multi-mapping read : 1                                  ||
||                                                                            ||
\\============================================================================//

//================ Running (26-Aug-2021 02:56:47, pid=120738) ================\\
||                                                                            ||
|| Check the input reads.                                                     ||
|| The input file contains base space reads.                                  ||
|| Initialise the memory objects.                                             ||
|| Estimate the mean read length.                                             ||
|| The range of Phred scores observed in the data is [2,41]                   ||
|| Create the output BAM file.                                                ||
|| Check the index.                                                           ||
|| Init the voting space.                                                     ||
|| Global environment is initialised.                                         ||
|| Load the 1-th index block...                                               ||
|| The index block has been loaded.                                           ||
|| Start read mapping in chunk.                                               ||
||    0% completed, 0.2 mins elapsed, rate=26.1k fragments per second         ||
||    6% completed, 2.1 mins elapsed, rate=18.6k fragments per second         ||
||   Estimated fragment length : 161 bp                                       ||
||    7% completed, 2.4 mins elapsed, rate=17.0k fragments per second         ||
||    7% completed, 2.5 mins elapsed, rate=17.2k fragments per second         ||
||    8% completed, 2.6 mins elapsed, rate=17.3k fragments per second         ||
||    8% completed, 2.7 mins elapsed, rate=17.4k fragments per second         ||
||    9% completed, 2.8 mins elapsed, rate=17.5k fragments per second         ||
||    9% completed, 2.9 mins elapsed, rate=17.6k fragments per second         ||
||    9% completed, 3.0 mins elapsed, rate=17.7k fragments per second         ||
||    9% completed, 3.0 mins elapsed, rate=17.8k fragments per second         ||
||   10% completed, 3.1 mins elapsed, rate=17.8k fragments per second         ||
||   10% completed, 3.2 mins elapsed, rate=17.9k fragments per second         ||
|| Start read mapping in chunk.                                               ||
||   10% completed, 3.3 mins elapsed, rate=18.7k fragments per second         ||
||   17% completed, 5.2 mins elapsed, rate=18.6k fragments per second         ||
||   18% completed, 5.6 mins elapsed, rate=17.7k fragments per second         ||
||   18% completed, 5.6 mins elapsed, rate=17.7k fragments per second         ||
||   18% completed, 5.7 mins elapsed, rate=17.7k fragments per second         ||
||   19% completed, 5.9 mins elapsed, rate=17.7k fragments per second         ||
||   19% completed, 6.0 mins elapsed, rate=17.7k fragments per second         ||
||   20% completed, 6.1 mins elapsed, rate=17.7k fragments per second         ||
||   20% completed, 6.2 mins elapsed, rate=17.7k fragments per second         ||
||   20% completed, 6.3 mins elapsed, rate=17.7k fragments per second         ||
||   21% completed, 6.4 mins elapsed, rate=17.6k fragments per second         ||
||   21% completed, 6.5 mins elapsed, rate=17.6k fragments per second         ||
|| Start read mapping in chunk.                                               ||
||   21% completed, 6.6 mins elapsed, rate=18.1k fragments per second         ||
||   28% completed, 8.6 mins elapsed, rate=18.0k fragments per second         ||
||   29% completed, 9.0 mins elapsed, rate=17.5k fragments per second         ||
||   29% completed, 9.1 mins elapsed, rate=17.4k fragments per second         ||
||   29% completed, 9.2 mins elapsed, rate=17.4k fragments per second         ||
||   30% completed, 9.4 mins elapsed, rate=17.3k fragments per second         ||
||   30% completed, 9.5 mins elapsed, rate=17.3k fragments per second         ||
||   31% completed, 9.6 mins elapsed, rate=17.2k fragments per second         ||
||   31% completed, 9.8 mins elapsed, rate=17.2k fragments per second         ||
||   31% completed,   9 mins elapsed, rate=17.2k fragments per second         ||
||   32% completed,  10 mins elapsed, rate=17.1k fragments per second         ||
||   32% completed,  10 mins elapsed, rate=17.1k fragments per second         ||
|| Start read mapping in chunk.                                               ||
||   32% completed,  10 mins elapsed, rate=17.3k fragments per second         ||
||   39% completed,  12 mins elapsed, rate=17.5k fragments per second         ||
||   40% completed,  12 mins elapsed, rate=17.1k fragments per second         ||
||   40% completed,  12 mins elapsed, rate=17.0k fragments per second         ||
||   41% completed,  12 mins elapsed, rate=17.0k fragments per second         ||
||   41% completed,  13 mins elapsed, rate=17.0k fragments per second         ||
||   41% completed,  13 mins elapsed, rate=16.9k fragments per second         ||
||   42% completed,  13 mins elapsed, rate=16.9k fragments per second         ||
||   42% completed,  13 mins elapsed, rate=16.8k fragments per second         ||
||   42% completed,  13 mins elapsed, rate=16.8k fragments per second         ||
||   43% completed,  13 mins elapsed, rate=16.8k fragments per second         ||
|| Start read mapping in chunk.                                               ||
||   43% completed,  13 mins elapsed, rate=16.9k fragments per second         ||
||   50% completed,  15 mins elapsed, rate=17.1k fragments per second         ||
||   51% completed,  16 mins elapsed, rate=16.7k fragments per second         ||
||   51% completed,  16 mins elapsed, rate=16.7k fragments per second         ||
||   52% completed,  16 mins elapsed, rate=16.6k fragments per second         ||
||   52% completed,  16 mins elapsed, rate=16.6k fragments per second         ||
||   52% completed,  17 mins elapsed, rate=16.6k fragments per second         ||
||   53% completed,  17 mins elapsed, rate=16.5k fragments per second         ||
||   53% completed,  17 mins elapsed, rate=16.5k fragments per second         ||
||   54% completed,  17 mins elapsed, rate=16.4k fragments per second         ||
|| Start read mapping in chunk.                                               ||
||   54% completed,  17 mins elapsed, rate=16.6k fragments per second         ||
||   61% completed,  19 mins elapsed, rate=16.8k fragments per second         ||
||   62% completed,  20 mins elapsed, rate=16.6k fragments per second         ||
||   62% completed,  20 mins elapsed, rate=16.5k fragments per second         ||
||   63% completed,  20 mins elapsed, rate=16.5k fragments per second         ||
||   63% completed,  20 mins elapsed, rate=16.4k fragments per second         ||
||   63% completed,  20 mins elapsed, rate=16.4k fragments per second         ||
||   64% completed,  21 mins elapsed, rate=16.4k fragments per second         ||
||   64% completed,  21 mins elapsed, rate=16.3k fragments per second         ||
||   64% completed,  21 mins elapsed, rate=16.3k fragments per second         ||
||   65% completed,  21 mins elapsed, rate=16.3k fragments per second         ||
|| Start read mapping in chunk.                                               ||
||   65% completed,  21 mins elapsed, rate=16.4k fragments per second         ||
||   71% completed,  23 mins elapsed, rate=16.7k fragments per second         ||
||   72% completed,  23 mins elapsed, rate=16.7k fragments per second         ||
||   73% completed,  23 mins elapsed, rate=16.7k fragments per second         ||
||   73% completed,  24 mins elapsed, rate=16.7k fragments per second         ||
||   73% completed,  24 mins elapsed, rate=16.7k fragments per second         ||
||   74% completed,  24 mins elapsed, rate=16.6k fragments per second         ||
||   74% completed,  24 mins elapsed, rate=16.6k fragments per second         ||
||   74% completed,  24 mins elapsed, rate=16.6k fragments per second         ||
||   74% completed,  24 mins elapsed, rate=16.6k fragments per second         ||
||   75% completed,  24 mins elapsed, rate=16.5k fragments per second         ||
||   75% completed,  24 mins elapsed, rate=16.5k fragments per second         ||
|| Start read mapping in chunk.                                               ||
||   74% completed,  25 mins elapsed, rate=16.4k fragments per second         ||
||   78% completed,  26 mins elapsed, rate=16.9k fragments per second         ||
||   81% completed,  27 mins elapsed, rate=17.2k fragments per second         ||
||   81% completed,  27 mins elapsed, rate=17.2k fragments per second         ||
||   81% completed,  27 mins elapsed, rate=17.1k fragments per second         ||
||   82% completed,  27 mins elapsed, rate=17.1k fragments per second         ||
||   82% completed,  27 mins elapsed, rate=17.1k fragments per second         ||
||   82% completed,  27 mins elapsed, rate=17.0k fragments per second         ||
||   82% completed,  27 mins elapsed, rate=17.0k fragments per second         ||
||   82% completed,  27 mins elapsed, rate=17.0k fragments per second         ||
||   83% completed,  28 mins elapsed, rate=17.0k fragments per second         ||
|| Start read mapping in chunk.                                               ||
||   81% completed,  28 mins elapsed, rate=16.6k fragments per second         ||
||   87% completed,  30 mins elapsed, rate=16.8k fragments per second         ||
||   88% completed,  30 mins elapsed, rate=16.6k fragments per second         ||
||   88% completed,  30 mins elapsed, rate=16.6k fragments per second         ||
||   88% completed,  30 mins elapsed, rate=16.5k fragments per second         ||
||   89% completed,  31 mins elapsed, rate=16.5k fragments per second         ||
||   89% completed,  31 mins elapsed, rate=16.5k fragments per second         ||
||   90% completed,  31 mins elapsed, rate=16.4k fragments per second         ||
||   90% completed,  31 mins elapsed, rate=16.4k fragments per second         ||
||   90% completed,  31 mins elapsed, rate=16.4k fragments per second         ||
||   91% completed,  32 mins elapsed, rate=16.3k fragments per second         ||
|| Start read mapping in chunk.                                               ||
||   91% completed,  32 mins elapsed, rate=16.4k fragments per second         ||
||   97% completed,  34 mins elapsed, rate=16.4k fragments per second         ||
||   97% completed,  34 mins elapsed, rate=16.4k fragments per second         ||
||   98% completed,  34 mins elapsed, rate=16.4k fragments per second         ||
||   98% completed,  34 mins elapsed, rate=16.3k fragments per second         ||
||   98% completed,  34 mins elapsed, rate=16.3k fragments per second         ||
||   99% completed,  34 mins elapsed, rate=16.3k fragments per second         ||
||   99% completed,  34 mins elapsed, rate=16.3k fragments per second         ||
||   99% completed,  35 mins elapsed, rate=16.3k fragments per second         ||
||                                                                            ||
||                           Completed successfully.                          ||
||                                                                            ||
\\====================================    ====================================//

//================================   Summary =================================\\
||                                                                            ||
||             Total fragments : 34,148,484                                   ||
||                      Mapped : 30,566,701 (89.5%)                           ||
||             Uniquely mapped : 30,566,701                                   ||
||               Multi-mapping : 0                                            ||
||                                                                            ||
||                    Unmapped : 3,581,783                                    ||
||                                                                            ||
||             Properly paired : 24,092,449                                   ||
||         Not properly paired : 6,474,252                                    ||
||                   Singleton : 1,314,630                                    ||
||                    Chimeric : 312,223                                      ||
||       Unexpected strandness : 18,983                                       ||
||  Unexpected fragment length : 4,581,725                                    ||
||       Unexpected read order : 246,691                                      ||
||                                                                            ||
||                      Indels : 136,696                                      ||
||                                                                            ||
||                Running time : 35.2 minutes                                 ||
||                                                                            ||
\\============================================================================//

