
        ==========     _____ _    _ ____  _____  ______          _____  
        =====         / ____| |  | |  _ \|  __ \|  ____|   /\   |  __ \ 
          =====      | (___ | |  | | |_) | |__) | |__     /  \  | |  | |
            ====      \___ \| |  | |  _ <|  _  /|  __|   / /\ \ | |  | |
              ====    ____) | |__| | |_) | | \ \| |____ / ____ \| |__| |
        ==========   |_____/ \____/|____/|_|  \_\______/_/    \_\_____/
	  v2.0.1

//================================= setting ==================================\\
||                                                                            ||
|| Function      : Read alignment (RNA-Seq)                                   ||
|| Input file 1  : SRR6078290_1.tp.fastq.gz                                   ||
|| Input file 2  : SRR6078290_2.tp.fastq.gz                                   ||
|| Output file   : SRR6078290.bam (BAM)                                       ||
|| Index name    : GRCh38.fa.Subread_index                                    ||
||                                                                            ||
||                    ------------------------------------                    ||
||                                                                            ||
||                               Threads : 6                                  ||
||                          Phred offset : 33                                 ||
||               # of extracted subreads : 10                                 ||
||                        Min read1 vote : 3                                  ||
||                        Min read2 vote : 1                                  ||
||                     Max fragment size : 600                                ||
||                     Min fragment size : 50                                 ||
||                        Max mismatches : 3                                  ||
||                      Max indel length : 5                                  ||
||            Report multi-mapping reads : no                                 ||
|| Max alignments per multi-mapping read : 1                                  ||
||                                                                            ||
\\============================================================================//

//================ Running (25-Aug-2021 23:53:33, pid=112550) ================\\
||                                                                            ||
|| Check the input reads.                                                     ||
|| The input file contains base space reads.                                  ||
|| Initialise the memory objects.                                             ||
|| Estimate the mean read length.                                             ||
|| The range of Phred scores observed in the data is [2,41]                   ||
|| Create the output BAM file.                                                ||
|| Check the index.                                                           ||
|| Init the voting space.                                                     ||
|| Global environment is initialised.                                         ||
|| Load the 1-th index block...                                               ||
|| The index block has been loaded.                                           ||
|| Start read mapping in chunk.                                               ||
||    0% completed, 0.2 mins elapsed, rate=21.9k fragments per second         ||
||    6% completed, 2.4 mins elapsed, rate=17.0k fragments per second         ||
||   Estimated fragment length : 174 bp                                       ||
||    7% completed, 2.8 mins elapsed, rate=14.6k fragments per second         ||
||    8% completed, 3.0 mins elapsed, rate=14.3k fragments per second         ||
||    8% completed, 3.2 mins elapsed, rate=14.0k fragments per second         ||
||    8% completed, 3.4 mins elapsed, rate=13.7k fragments per second         ||
||    8% completed, 3.5 mins elapsed, rate=13.5k fragments per second         ||
||    9% completed, 3.7 mins elapsed, rate=13.4k fragments per second         ||
||    9% completed, 4.0 mins elapsed, rate=13.1k fragments per second         ||
||   10% completed, 4.1 mins elapsed, rate=13.0k fragments per second         ||
||   10% completed, 4.4 mins elapsed, rate=12.8k fragments per second         ||
||   10% completed, 4.6 mins elapsed, rate=12.7k fragments per second         ||
|| Start read mapping in chunk.                                               ||
||   11% completed, 4.6 mins elapsed, rate=13.2k fragments per second         ||
||   18% completed, 6.9 mins elapsed, rate=14.4k fragments per second         ||
||   18% completed, 7.3 mins elapsed, rate=13.4k fragments per second         ||
||   19% completed, 7.6 mins elapsed, rate=13.3k fragments per second         ||
||   19% completed, 7.9 mins elapsed, rate=13.1k fragments per second         ||
||   19% completed, 8.1 mins elapsed, rate=12.9k fragments per second         ||
||   20% completed, 8.3 mins elapsed, rate=12.8k fragments per second         ||
||   20% completed, 8.6 mins elapsed, rate=12.6k fragments per second         ||
||   20% completed, 8.8 mins elapsed, rate=12.5k fragments per second         ||
||   21% completed, 9.0 mins elapsed, rate=12.4k fragments per second         ||
||   21% completed, 9.3 mins elapsed, rate=12.2k fragments per second         ||
||   21% completed, 9.6 mins elapsed, rate=12.1k fragments per second         ||
|| Start read mapping in chunk.                                               ||
||   22% completed, 9.7 mins elapsed, rate=12.3k fragments per second         ||
||   28% completed,  11 mins elapsed, rate=13.1k fragments per second         ||
||   29% completed,  12 mins elapsed, rate=12.6k fragments per second         ||
||   30% completed,  12 mins elapsed, rate=12.5k fragments per second         ||
||   30% completed,  13 mins elapsed, rate=12.3k fragments per second         ||
||   30% completed,  13 mins elapsed, rate=12.2k fragments per second         ||
||   31% completed,  13 mins elapsed, rate=12.1k fragments per second         ||
||   31% completed,  13 mins elapsed, rate=12.0k fragments per second         ||
||   31% completed,  14 mins elapsed, rate=11.9k fragments per second         ||
||   32% completed,  14 mins elapsed, rate=11.8k fragments per second         ||
||   32% completed,  14 mins elapsed, rate=11.7k fragments per second         ||
||   32% completed,  14 mins elapsed, rate=11.6k fragments per second         ||
||   33% completed,  15 mins elapsed, rate=11.5k fragments per second         ||
|| Start read mapping in chunk.                                               ||
||   33% completed,  15 mins elapsed, rate=11.6k fragments per second         ||
||   40% completed,  17 mins elapsed, rate=12.3k fragments per second         ||
||   40% completed,  17 mins elapsed, rate=12.0k fragments per second         ||
||   41% completed,  18 mins elapsed, rate=11.9k fragments per second         ||
||   41% completed,  18 mins elapsed, rate=11.8k fragments per second         ||
||   41% completed,  18 mins elapsed, rate=11.7k fragments per second         ||
||   42% completed,  19 mins elapsed, rate=11.6k fragments per second         ||
||   42% completed,  19 mins elapsed, rate=11.4k fragments per second         ||
||   43% completed,  20 mins elapsed, rate=11.3k fragments per second         ||
||   43% completed,  20 mins elapsed, rate=11.2k fragments per second         ||
||   43% completed,  20 mins elapsed, rate=11.1k fragments per second         ||
|| Start read mapping in chunk.                                               ||
||   44% completed,  21 mins elapsed, rate=11.1k fragments per second         ||
||   51% completed,  23 mins elapsed, rate=11.7k fragments per second         ||
||   52% completed,  23 mins elapsed, rate=11.4k fragments per second         ||
||   52% completed,  24 mins elapsed, rate=11.3k fragments per second         ||
||   52% completed,  24 mins elapsed, rate=11.3k fragments per second         ||
||   53% completed,  24 mins elapsed, rate=11.2k fragments per second         ||
||   53% completed,  25 mins elapsed, rate=11.1k fragments per second         ||
||   53% completed,  25 mins elapsed, rate=11.1k fragments per second         ||
||   54% completed,  25 mins elapsed, rate=11.0k fragments per second         ||
||   54% completed,  26 mins elapsed, rate=10.9k fragments per second         ||
||   55% completed,  26 mins elapsed, rate=10.8k fragments per second         ||
||   55% completed,  27 mins elapsed, rate=10.7k fragments per second         ||
|| Start read mapping in chunk.                                               ||
||   55% completed,  27 mins elapsed, rate=10.8k fragments per second         ||
||   62% completed,  29 mins elapsed, rate=11.3k fragments per second         ||
||   63% completed,  30 mins elapsed, rate=11.1k fragments per second         ||
||   63% completed,  30 mins elapsed, rate=11.0k fragments per second         ||
||   64% completed,  30 mins elapsed, rate=10.9k fragments per second         ||
||   64% completed,  31 mins elapsed, rate=10.9k fragments per second         ||
||   64% completed,  31 mins elapsed, rate=10.8k fragments per second         ||
||   64% completed,  31 mins elapsed, rate=10.8k fragments per second         ||
||   65% completed,  32 mins elapsed, rate=10.7k fragments per second         ||
||   65% completed,  32 mins elapsed, rate=10.6k fragments per second         ||
||   65% completed,  32 mins elapsed, rate=10.6k fragments per second         ||
||   66% completed,  33 mins elapsed, rate=10.5k fragments per second         ||
|| Start read mapping in chunk.                                               ||
||   66% completed,  33 mins elapsed, rate=10.5k fragments per second         ||
||   72% completed,  35 mins elapsed, rate=11.0k fragments per second         ||
||   74% completed,  36 mins elapsed, rate=11.0k fragments per second         ||
||   74% completed,  36 mins elapsed, rate=10.9k fragments per second         ||
||   75% completed,  36 mins elapsed, rate=10.9k fragments per second         ||
||   75% completed,  37 mins elapsed, rate=10.8k fragments per second         ||
||   75% completed,  37 mins elapsed, rate=10.8k fragments per second         ||
||   75% completed,  37 mins elapsed, rate=10.7k fragments per second         ||
||   76% completed,  38 mins elapsed, rate=10.7k fragments per second         ||
||   76% completed,  38 mins elapsed, rate=10.6k fragments per second         ||
||   76% completed,  38 mins elapsed, rate=10.6k fragments per second         ||
|| Start read mapping in chunk.                                               ||
||   76% completed,  39 mins elapsed, rate=10.5k fragments per second         ||
||   82% completed,  41 mins elapsed, rate=10.9k fragments per second         ||
||   83% completed,  41 mins elapsed, rate=10.9k fragments per second         ||
||   83% completed,  42 mins elapsed, rate=10.8k fragments per second         ||
||   84% completed,  42 mins elapsed, rate=10.8k fragments per second         ||
||   84% completed,  42 mins elapsed, rate=10.8k fragments per second         ||
||   84% completed,  42 mins elapsed, rate=10.7k fragments per second         ||
||   85% completed,  43 mins elapsed, rate=10.7k fragments per second         ||
||   85% completed,  43 mins elapsed, rate=10.6k fragments per second         ||
||   85% completed,  43 mins elapsed, rate=10.6k fragments per second         ||
||   86% completed,  44 mins elapsed, rate=10.5k fragments per second         ||
||   86% completed,  44 mins elapsed, rate=10.5k fragments per second         ||
|| Start read mapping in chunk.                                               ||
||   85% completed,  44 mins elapsed, rate=10.4k fragments per second         ||
||   92% completed,  46 mins elapsed, rate=10.7k fragments per second         ||
||   93% completed,  47 mins elapsed, rate=10.6k fragments per second         ||
||   93% completed,  48 mins elapsed, rate=10.5k fragments per second         ||
||   94% completed,  48 mins elapsed, rate=10.4k fragments per second         ||
||   94% completed,  49 mins elapsed, rate=10.4k fragments per second         ||
||   94% completed,  49 mins elapsed, rate=10.3k fragments per second         ||
||   95% completed,  50 mins elapsed, rate=10.3k fragments per second         ||
||   95% completed,  50 mins elapsed, rate=10.2k fragments per second         ||
||   95% completed,  51 mins elapsed, rate=10.2k fragments per second         ||
||   96% completed,  51 mins elapsed, rate=10.1k fragments per second         ||
|| Start read mapping in chunk.                                               ||
||   97% completed,  51 mins elapsed, rate=10.1k fragments per second         ||
||   99% completed,  52 mins elapsed, rate=10.2k fragments per second         ||
||   99% completed,  52 mins elapsed, rate=10.2k fragments per second         ||
||   99% completed,  52 mins elapsed, rate=10.1k fragments per second         ||
||   99% completed,  53 mins elapsed, rate=10.1k fragments per second         ||
||   99% completed,  53 mins elapsed, rate=10.1k fragments per second         ||
||   99% completed,  53 mins elapsed, rate=10.1k fragments per second         ||
||   99% completed,  53 mins elapsed, rate=10.1k fragments per second         ||
||   99% completed,  53 mins elapsed, rate=10.1k fragments per second         ||
||   99% completed,  53 mins elapsed, rate=10.1k fragments per second         ||
||                                                                            ||
||                           Completed successfully.                          ||
||                                                                            ||
\\====================================    ====================================//

//================================   Summary =================================\\
||                                                                            ||
||             Total fragments : 32,402,520                                   ||
||                      Mapped : 26,841,745 (82.8%)                           ||
||             Uniquely mapped : 26,841,745                                   ||
||               Multi-mapping : 0                                            ||
||                                                                            ||
||                    Unmapped : 5,560,775                                    ||
||                                                                            ||
||             Properly paired : 21,808,809                                   ||
||         Not properly paired : 5,032,936                                    ||
||                   Singleton : 1,015,527                                    ||
||                    Chimeric : 342,867                                      ||
||       Unexpected strandness : 17,962                                       ||
||  Unexpected fragment length : 3,588,033                                    ||
||       Unexpected read order : 68,547                                       ||
||                                                                            ||
||                      Indels : 123,661                                      ||
||                                                                            ||
||                Running time : 53.7 minutes                                 ||
||                                                                            ||
\\============================================================================//

