
        ==========     _____ _    _ ____  _____  ______          _____  
        =====         / ____| |  | |  _ \|  __ \|  ____|   /\   |  __ \ 
          =====      | (___ | |  | | |_) | |__) | |__     /  \  | |  | |
            ====      \___ \| |  | |  _ <|  _  /|  __|   / /\ \ | |  | |
              ====    ____) | |__| | |_) | | \ \| |____ / ____ \| |__| |
        ==========   |_____/ \____/|____/|_|  \_\______/_/    \_\_____/
	  v2.0.1

//================================= setting ==================================\\
||                                                                            ||
|| Function      : Read alignment (RNA-Seq)                                   ||
|| Input file 1  : SRR6078288_1.tp.fastq.gz                                   ||
|| Input file 2  : SRR6078288_2.tp.fastq.gz                                   ||
|| Output file   : SRR6078288.bam (BAM)                                       ||
|| Index name    : GRCh38.fa.Subread_index                                    ||
||                                                                            ||
||                    ------------------------------------                    ||
||                                                                            ||
||                               Threads : 6                                  ||
||                          Phred offset : 33                                 ||
||               # of extracted subreads : 10                                 ||
||                        Min read1 vote : 3                                  ||
||                        Min read2 vote : 1                                  ||
||                     Max fragment size : 600                                ||
||                     Min fragment size : 50                                 ||
||                        Max mismatches : 3                                  ||
||                      Max indel length : 5                                  ||
||            Report multi-mapping reads : no                                 ||
|| Max alignments per multi-mapping read : 1                                  ||
||                                                                            ||
\\============================================================================//

//================ Running (25-Aug-2021 20:00:31, pid=98462) =================\\
||                                                                            ||
|| Check the input reads.                                                     ||
|| The input file contains base space reads.                                  ||
|| Initialise the memory objects.                                             ||
|| Estimate the mean read length.                                             ||
|| The range of Phred scores observed in the data is [2,41]                   ||
|| Create the output BAM file.                                                ||
|| Check the index.                                                           ||
|| Init the voting space.                                                     ||
|| Global environment is initialised.                                         ||
|| Load the 1-th index block...                                               ||
|| The index block has been loaded.                                           ||
|| Start read mapping in chunk.                                               ||
||    0% completed, 0.5 mins elapsed, rate=11.7k fragments per second         ||
||    6% completed, 3.2 mins elapsed, rate=11.9k fragments per second         ||
||   Estimated fragment length : 180 bp                                       ||
||    8% completed, 4.3 mins elapsed, rate=9.7k fragments per second          ||
||    8% completed, 4.7 mins elapsed, rate=9.2k fragments per second          ||
||    9% completed, 5.0 mins elapsed, rate=8.9k fragments per second          ||
||    9% completed, 5.4 mins elapsed, rate=8.7k fragments per second          ||
||    9% completed, 5.8 mins elapsed, rate=8.5k fragments per second          ||
||   10% completed, 6.2 mins elapsed, rate=8.2k fragments per second          ||
||   10% completed, 6.6 mins elapsed, rate=8.0k fragments per second          ||
||   10% completed, 6.9 mins elapsed, rate=7.9k fragments per second          ||
||   11% completed, 7.3 mins elapsed, rate=7.8k fragments per second          ||
|| Start read mapping in chunk.                                               ||
||   11% completed, 7.6 mins elapsed, rate=8.2k fragments per second          ||
||   17% completed,  10 mins elapsed, rate=9.7k fragments per second          ||

        ==========     _____ _    _ ____  _____  ______          _____  
        =====         / ____| |  | |  _ \|  __ \|  ____|   /\   |  __ \ 
          =====      | (___ | |  | | |_) | |__) | |__     /  \  | |  | |
            ====      \___ \| |  | |  _ <|  _  /|  __|   / /\ \ | |  | |
              ====    ____) | |__| | |_) | | \ \| |____ / ____ \| |__| |
        ==========   |_____/ \____/|____/|_|  \_\______/_/    \_\_____/
	  v2.0.1

//================================= setting ==================================\\
||                                                                            ||
|| Function      : Read alignment (RNA-Seq)                                   ||
|| Input file 1  : SRR6078288_1.tp.fastq.gz                                   ||
|| Input file 2  : SRR6078288_2.tp.fastq.gz                                   ||
|| Output file   : SRR6078288.bam (BAM)                                       ||
|| Index name    : GRCh38.fa.Subread_index                                    ||
||                                                                            ||
||                    ------------------------------------                    ||
||                                                                            ||
||                               Threads : 6                                  ||
||                          Phred offset : 33                                 ||
||               # of extracted subreads : 10                                 ||
||                        Min read1 vote : 3                                  ||
||                        Min read2 vote : 1                                  ||
||                     Max fragment size : 600                                ||
||                     Min fragment size : 50                                 ||
||                        Max mismatches : 3                                  ||
||                      Max indel length : 5                                  ||
||            Report multi-mapping reads : no                                 ||
|| Max alignments per multi-mapping read : 1                                  ||
||                                                                            ||
\\============================================================================//

//================ Running (25-Aug-2021 21:03:28, pid=105152) ================\\
||                                                                            ||
|| Check the input reads.                                                     ||
|| The input file contains base space reads.                                  ||
|| Initialise the memory objects.                                             ||
|| Estimate the mean read length.                                             ||
|| The range of Phred scores observed in the data is [2,41]                   ||
|| Create the output BAM file.                                                ||
|| Check the index.                                                           ||
|| Init the voting space.                                                     ||
|| Global environment is initialised.                                         ||
|| Load the 1-th index block...                                               ||
|| The index block has been loaded.                                           ||
|| Start read mapping in chunk.                                               ||
||    0% completed, 0.2 mins elapsed, rate=22.8k fragments per second         ||
||    6% completed, 2.2 mins elapsed, rate=16.9k fragments per second         ||
||   Estimated fragment length : 180 bp                                       ||
||    8% completed, 2.8 mins elapsed, rate=14.6k fragments per second         ||
||    8% completed, 2.9 mins elapsed, rate=14.3k fragments per second         ||
||    8% completed, 3.2 mins elapsed, rate=13.8k fragments per second         ||
||    9% completed, 3.4 mins elapsed, rate=13.6k fragments per second         ||
||    9% completed, 3.6 mins elapsed, rate=13.3k fragments per second         ||
||    9% completed, 3.7 mins elapsed, rate=13.1k fragments per second         ||
||   10% completed, 4.0 mins elapsed, rate=12.8k fragments per second         ||
||   10% completed, 4.2 mins elapsed, rate=12.6k fragments per second         ||
||   10% completed, 4.4 mins elapsed, rate=12.4k fragments per second         ||
||   11% completed, 4.6 mins elapsed, rate=12.3k fragments per second         ||
||   11% completed, 4.8 mins elapsed, rate=12.2k fragments per second         ||
|| Start read mapping in chunk.                                               ||
||   11% completed, 4.8 mins elapsed, rate=12.7k fragments per second         ||
||   18% completed, 6.8 mins elapsed, rate=14.1k fragments per second         ||
||   20% completed, 7.5 mins elapsed, rate=13.2k fragments per second         ||
||   20% completed, 7.8 mins elapsed, rate=13.0k fragments per second         ||
||   20% completed, 8.1 mins elapsed, rate=12.8k fragments per second         ||
||   21% completed, 8.4 mins elapsed, rate=12.6k fragments per second         ||
||   21% completed, 8.6 mins elapsed, rate=12.4k fragments per second         ||
||   21% completed, 8.9 mins elapsed, rate=12.2k fragments per second         ||
||   22% completed, 9.2 mins elapsed, rate=12.1k fragments per second         ||
||   22% completed, 9.5 mins elapsed, rate=11.9k fragments per second         ||
||   23% completed, 9.8 mins elapsed, rate=11.7k fragments per second         ||
|| Start read mapping in chunk.                                               ||
||   23% completed,  10 mins elapsed, rate=11.9k fragments per second         ||
||   30% completed,  12 mins elapsed, rate=12.8k fragments per second         ||
||   31% completed,  12 mins elapsed, rate=12.3k fragments per second         ||
||   32% completed,  13 mins elapsed, rate=12.1k fragments per second         ||
||   32% completed,  13 mins elapsed, rate=12.0k fragments per second         ||
||   32% completed,  13 mins elapsed, rate=11.8k fragments per second         ||
||   33% completed,  14 mins elapsed, rate=11.7k fragments per second         ||
||   33% completed,  14 mins elapsed, rate=11.5k fragments per second         ||
||   34% completed,  14 mins elapsed, rate=11.4k fragments per second         ||
||   34% completed,  15 mins elapsed, rate=11.3k fragments per second         ||
||   34% completed,  15 mins elapsed, rate=11.2k fragments per second         ||
|| Start read mapping in chunk.                                               ||
||   35% completed,  15 mins elapsed, rate=11.3k fragments per second         ||
||   41% completed,  17 mins elapsed, rate=11.9k fragments per second         ||
||   43% completed,  18 mins elapsed, rate=11.7k fragments per second         ||
||   43% completed,  18 mins elapsed, rate=11.6k fragments per second         ||
||   44% completed,  19 mins elapsed, rate=11.5k fragments per second         ||
||   44% completed,  19 mins elapsed, rate=11.4k fragments per second         ||
||   44% completed,  19 mins elapsed, rate=11.3k fragments per second         ||
||   45% completed,  20 mins elapsed, rate=11.2k fragments per second         ||
||   45% completed,  20 mins elapsed, rate=11.1k fragments per second         ||
||   46% completed,  20 mins elapsed, rate=10.9k fragments per second         ||
||   46% completed,  21 mins elapsed, rate=10.8k fragments per second         ||
||   46% completed,  21 mins elapsed, rate=10.7k fragments per second         ||
|| Start read mapping in chunk.                                               ||
||   47% completed,  21 mins elapsed, rate=10.8k fragments per second         ||
||   52% completed,  23 mins elapsed, rate=11.3k fragments per second         ||
||   55% completed,  24 mins elapsed, rate=11.3k fragments per second         ||
||   55% completed,  24 mins elapsed, rate=11.1k fragments per second         ||
||   55% completed,  25 mins elapsed, rate=11.1k fragments per second         ||
||   56% completed,  25 mins elapsed, rate=11.0k fragments per second         ||
||   56% completed,  25 mins elapsed, rate=10.9k fragments per second         ||
||   56% completed,  26 mins elapsed, rate=10.9k fragments per second         ||
||   57% completed,  26 mins elapsed, rate=10.8k fragments per second         ||
||   57% completed,  26 mins elapsed, rate=10.8k fragments per second         ||
||   57% completed,  27 mins elapsed, rate=10.7k fragments per second         ||
||   58% completed,  27 mins elapsed, rate=10.7k fragments per second         ||
|| Start read mapping in chunk.                                               ||
||   57% completed,  27 mins elapsed, rate=10.7k fragments per second         ||
||   62% completed,  29 mins elapsed, rate=11.3k fragments per second         ||
||   65% completed,  30 mins elapsed, rate=11.3k fragments per second         ||
||   65% completed,  30 mins elapsed, rate=11.3k fragments per second         ||
||   66% completed,  30 mins elapsed, rate=11.2k fragments per second         ||
||   66% completed,  31 mins elapsed, rate=11.1k fragments per second         ||
||   66% completed,  31 mins elapsed, rate=11.1k fragments per second         ||
||   67% completed,  31 mins elapsed, rate=11.0k fragments per second         ||
||   67% completed,  31 mins elapsed, rate=11.0k fragments per second         ||
||   67% completed,  32 mins elapsed, rate=11.0k fragments per second         ||
||   68% completed,  32 mins elapsed, rate=10.9k fragments per second         ||
||   68% completed,  32 mins elapsed, rate=10.9k fragments per second         ||
|| Start read mapping in chunk.                                               ||
||   67% completed,  32 mins elapsed, rate=10.8k fragments per second         ||
||   72% completed,  34 mins elapsed, rate=11.2k fragments per second         ||
||   74% completed,  35 mins elapsed, rate=11.2k fragments per second         ||
||   74% completed,  35 mins elapsed, rate=11.2k fragments per second         ||
||   75% completed,  35 mins elapsed, rate=11.1k fragments per second         ||
||   75% completed,  36 mins elapsed, rate=11.0k fragments per second         ||
||   76% completed,  36 mins elapsed, rate=11.0k fragments per second         ||
||   76% completed,  37 mins elapsed, rate=10.9k fragments per second         ||
||   76% completed,  37 mins elapsed, rate=10.8k fragments per second         ||
||   77% completed,  37 mins elapsed, rate=10.8k fragments per second         ||
||   77% completed,  38 mins elapsed, rate=10.7k fragments per second         ||
|| Start read mapping in chunk.                                               ||
||   77% completed,  38 mins elapsed, rate=10.7k fragments per second         ||
||   83% completed,  40 mins elapsed, rate=11.0k fragments per second         ||
||   84% completed,  41 mins elapsed, rate=11.0k fragments per second         ||
||   84% completed,  41 mins elapsed, rate=10.9k fragments per second         ||
||   85% completed,  41 mins elapsed, rate=10.9k fragments per second         ||
||   85% completed,  42 mins elapsed, rate=10.9k fragments per second         ||
||   85% completed,  42 mins elapsed, rate=10.8k fragments per second         ||
||   86% completed,  42 mins elapsed, rate=10.7k fragments per second         ||
||   86% completed,  43 mins elapsed, rate=10.7k fragments per second         ||
||   86% completed,  43 mins elapsed, rate=10.6k fragments per second         ||
||   87% completed,  44 mins elapsed, rate=10.6k fragments per second         ||
||   87% completed,  44 mins elapsed, rate=10.5k fragments per second         ||
|| Start read mapping in chunk.                                               ||
||   87% completed,  44 mins elapsed, rate=10.5k fragments per second         ||
||   94% completed,  46 mins elapsed, rate=10.7k fragments per second         ||
||   94% completed,  47 mins elapsed, rate=10.5k fragments per second         ||
||   95% completed,  48 mins elapsed, rate=10.5k fragments per second         ||
||   95% completed,  48 mins elapsed, rate=10.4k fragments per second         ||
||   96% completed,  49 mins elapsed, rate=10.4k fragments per second         ||
||   96% completed,  49 mins elapsed, rate=10.3k fragments per second         ||
||   96% completed,  50 mins elapsed, rate=10.3k fragments per second         ||
||   97% completed,  50 mins elapsed, rate=10.2k fragments per second         ||
||   97% completed,  51 mins elapsed, rate=10.1k fragments per second         ||
||   98% completed,  51 mins elapsed, rate=10.1k fragments per second         ||
|| Start read mapping in chunk.                                               ||
||   99% completed,  51 mins elapsed, rate=10.1k fragments per second         ||
||   99% completed,  52 mins elapsed, rate=10.1k fragments per second         ||
||   99% completed,  52 mins elapsed, rate=10.1k fragments per second         ||
||   99% completed,  52 mins elapsed, rate=10.1k fragments per second         ||
||   99% completed,  52 mins elapsed, rate=10.1k fragments per second         ||
||   99% completed,  52 mins elapsed, rate=10.1k fragments per second         ||
||   99% completed,  52 mins elapsed, rate=10.1k fragments per second         ||
||   99% completed,  52 mins elapsed, rate=10.1k fragments per second         ||
||   99% completed,  52 mins elapsed, rate=10.1k fragments per second         ||
||   99% completed,  52 mins elapsed, rate=10.1k fragments per second         ||
||                                                                            ||
||                           Completed successfully.                          ||
||                                                                            ||
\\====================================    ====================================//

//================================   Summary =================================\\
||                                                                            ||
||             Total fragments : 31,785,358                                   ||
||                      Mapped : 26,153,532 (82.3%)                           ||
||             Uniquely mapped : 26,153,532                                   ||
||               Multi-mapping : 0                                            ||
||                                                                            ||
||                    Unmapped : 5,631,826                                    ||
||                                                                            ||
||             Properly paired : 20,783,632                                   ||
||         Not properly paired : 5,369,900                                    ||
||                   Singleton : 1,061,844                                    ||
||                    Chimeric : 342,680                                      ||
||       Unexpected strandness : 21,953                                       ||
||  Unexpected fragment length : 3,896,521                                    ||
||       Unexpected read order : 46,902                                       ||
||                                                                            ||
||                      Indels : 100,714                                      ||
||                                                                            ||
||                Running time : 52.6 minutes                                 ||
||                                                                            ||
\\============================================================================//

