
        ==========     _____ _    _ ____  _____  ______          _____  
        =====         / ____| |  | |  _ \|  __ \|  ____|   /\   |  __ \ 
          =====      | (___ | |  | | |_) | |__) | |__     /  \  | |  | |
            ====      \___ \| |  | |  _ <|  _  /|  __|   / /\ \ | |  | |
              ====    ____) | |__| | |_) | | \ \| |____ / ____ \| |__| |
        ==========   |_____/ \____/|____/|_|  \_\______/_/    \_\_____/
	  v2.0.1

//================================= setting ==================================\\
||                                                                            ||
|| Function      : Read alignment (RNA-Seq)                                   ||
|| Input file 1  : SRR6078289_1.tp.fastq.gz                                   ||
|| Input file 2  : SRR6078289_2.tp.fastq.gz                                   ||
|| Output file   : SRR6078289.bam (BAM)                                       ||
|| Index name    : GRCh38.fa.Subread_index                                    ||
||                                                                            ||
||                    ------------------------------------                    ||
||                                                                            ||
||                               Threads : 6                                  ||
||                          Phred offset : 33                                 ||
||               # of extracted subreads : 10                                 ||
||                        Min read1 vote : 3                                  ||
||                        Min read2 vote : 1                                  ||
||                     Max fragment size : 600                                ||
||                     Min fragment size : 50                                 ||
||                        Max mismatches : 3                                  ||
||                      Max indel length : 5                                  ||
||            Report multi-mapping reads : no                                 ||
|| Max alignments per multi-mapping read : 1                                  ||
||                                                                            ||
\\============================================================================//

//================ Running (25-Aug-2021 22:40:01, pid=109867) ================\\
||                                                                            ||
|| Check the input reads.                                                     ||
|| The input file contains base space reads.                                  ||
|| Initialise the memory objects.                                             ||
|| Estimate the mean read length.                                             ||
|| The range of Phred scores observed in the data is [2,41]                   ||
|| Create the output BAM file.                                                ||
|| Check the index.                                                           ||
|| Init the voting space.                                                     ||
|| Global environment is initialised.                                         ||
|| Load the 1-th index block...                                               ||
|| The index block has been loaded.                                           ||
|| Start read mapping in chunk.                                               ||
||    0% completed, 0.2 mins elapsed, rate=21.9k fragments per second         ||
||    6% completed, 2.1 mins elapsed, rate=17.7k fragments per second         ||
||   Estimated fragment length : 178 bp                                       ||
||    8% completed, 2.5 mins elapsed, rate=16.2k fragments per second         ||
||    8% completed, 2.6 mins elapsed, rate=16.4k fragments per second         ||
||    8% completed, 2.7 mins elapsed, rate=16.7k fragments per second         ||
||    9% completed, 2.8 mins elapsed, rate=17.0k fragments per second         ||
||    9% completed, 2.8 mins elapsed, rate=17.2k fragments per second         ||
||   10% completed, 2.9 mins elapsed, rate=17.4k fragments per second         ||
||   10% completed, 3.0 mins elapsed, rate=17.6k fragments per second         ||
||   11% completed, 3.1 mins elapsed, rate=17.8k fragments per second         ||
||   11% completed, 3.2 mins elapsed, rate=18.0k fragments per second         ||
|| Start read mapping in chunk.                                               ||
||   11% completed, 3.3 mins elapsed, rate=19.0k fragments per second         ||
||   18% completed, 5.1 mins elapsed, rate=18.5k fragments per second         ||
||   20% completed, 5.6 mins elapsed, rate=17.6k fragments per second         ||
||   20% completed, 5.7 mins elapsed, rate=17.7k fragments per second         ||
||   20% completed, 5.7 mins elapsed, rate=17.7k fragments per second         ||
||   21% completed, 5.8 mins elapsed, rate=17.8k fragments per second         ||
||   21% completed, 5.9 mins elapsed, rate=17.8k fragments per second         ||
||   21% completed, 6.0 mins elapsed, rate=17.9k fragments per second         ||
||   22% completed, 6.1 mins elapsed, rate=17.9k fragments per second         ||
||   22% completed, 6.2 mins elapsed, rate=18.0k fragments per second         ||
||   23% completed, 6.3 mins elapsed, rate=18.1k fragments per second         ||
|| Start read mapping in chunk.                                               ||
||   23% completed, 6.5 mins elapsed, rate=18.6k fragments per second         ||
||   30% completed, 8.3 mins elapsed, rate=18.4k fragments per second         ||
||   32% completed, 8.8 mins elapsed, rate=17.8k fragments per second         ||
||   32% completed, 8.9 mins elapsed, rate=17.8k fragments per second         ||
||   32% completed, 9.0 mins elapsed, rate=17.8k fragments per second         ||
||   33% completed, 9.1 mins elapsed, rate=17.9k fragments per second         ||
||   33% completed, 9.2 mins elapsed, rate=17.9k fragments per second         ||
||   33% completed, 9.2 mins elapsed, rate=17.9k fragments per second         ||
||   34% completed, 9.3 mins elapsed, rate=17.9k fragments per second         ||
||   34% completed, 9.4 mins elapsed, rate=17.9k fragments per second         ||
||   35% completed, 9.5 mins elapsed, rate=17.9k fragments per second         ||
||   35% completed, 9.6 mins elapsed, rate=18.0k fragments per second         ||
|| Start read mapping in chunk.                                               ||
||   35% completed, 9.8 mins elapsed, rate=18.3k fragments per second         ||
||   42% completed,  11 mins elapsed, rate=18.2k fragments per second         ||
||   44% completed,  12 mins elapsed, rate=17.8k fragments per second         ||
||   44% completed,  12 mins elapsed, rate=17.8k fragments per second         ||
||   45% completed,  12 mins elapsed, rate=17.8k fragments per second         ||
||   45% completed,  12 mins elapsed, rate=17.8k fragments per second         ||
||   45% completed,  12 mins elapsed, rate=17.7k fragments per second         ||
||   46% completed,  12 mins elapsed, rate=17.7k fragments per second         ||
||   46% completed,  12 mins elapsed, rate=17.7k fragments per second         ||
||   46% completed,  12 mins elapsed, rate=17.7k fragments per second         ||
||   47% completed,  12 mins elapsed, rate=17.7k fragments per second         ||
||   47% completed,  13 mins elapsed, rate=17.7k fragments per second         ||
|| Start read mapping in chunk.                                               ||
||   47% completed,  13 mins elapsed, rate=18.0k fragments per second         ||
||   54% completed,  15 mins elapsed, rate=17.9k fragments per second         ||
||   56% completed,  15 mins elapsed, rate=17.6k fragments per second         ||
||   56% completed,  15 mins elapsed, rate=17.6k fragments per second         ||
||   57% completed,  15 mins elapsed, rate=17.6k fragments per second         ||
||   57% completed,  15 mins elapsed, rate=17.6k fragments per second         ||
||   57% completed,  16 mins elapsed, rate=17.6k fragments per second         ||
||   58% completed,  16 mins elapsed, rate=17.6k fragments per second         ||
||   58% completed,  16 mins elapsed, rate=17.6k fragments per second         ||
||   59% completed,  16 mins elapsed, rate=17.6k fragments per second         ||
||   59% completed,  16 mins elapsed, rate=17.5k fragments per second         ||
|| Start read mapping in chunk.                                               ||
||   59% completed,  16 mins elapsed, rate=17.7k fragments per second         ||
||   66% completed,  18 mins elapsed, rate=17.8k fragments per second         ||
||   67% completed,  18 mins elapsed, rate=17.5k fragments per second         ||
||   68% completed,  19 mins elapsed, rate=17.5k fragments per second         ||
||   68% completed,  19 mins elapsed, rate=17.5k fragments per second         ||
||   68% completed,  19 mins elapsed, rate=17.5k fragments per second         ||
||   69% completed,  19 mins elapsed, rate=17.5k fragments per second         ||
||   69% completed,  19 mins elapsed, rate=17.5k fragments per second         ||
||   70% completed,  19 mins elapsed, rate=17.5k fragments per second         ||
||   70% completed,  19 mins elapsed, rate=17.5k fragments per second         ||
||   70% completed,  19 mins elapsed, rate=17.5k fragments per second         ||
||   71% completed,  19 mins elapsed, rate=17.5k fragments per second         ||
||   71% completed,  20 mins elapsed, rate=17.5k fragments per second         ||
|| Start read mapping in chunk.                                               ||
||   71% completed,  20 mins elapsed, rate=17.6k fragments per second         ||
||   77% completed,  21 mins elapsed, rate=17.8k fragments per second         ||
||   79% completed,  22 mins elapsed, rate=17.8k fragments per second         ||
||   79% completed,  22 mins elapsed, rate=17.8k fragments per second         ||
||   80% completed,  22 mins elapsed, rate=17.8k fragments per second         ||
||   80% completed,  22 mins elapsed, rate=17.8k fragments per second         ||
||   80% completed,  22 mins elapsed, rate=17.8k fragments per second         ||
||   81% completed,  22 mins elapsed, rate=17.8k fragments per second         ||
||   81% completed,  23 mins elapsed, rate=17.8k fragments per second         ||
||   82% completed,  23 mins elapsed, rate=17.8k fragments per second         ||
|| Start read mapping in chunk.                                               ||
||   81% completed,  23 mins elapsed, rate=17.7k fragments per second         ||
||   87% completed,  25 mins elapsed, rate=17.7k fragments per second         ||
||   89% completed,  25 mins elapsed, rate=17.5k fragments per second         ||
||   89% completed,  25 mins elapsed, rate=17.5k fragments per second         ||
||   89% completed,  25 mins elapsed, rate=17.5k fragments per second         ||
||   90% completed,  25 mins elapsed, rate=17.5k fragments per second         ||
||   90% completed,  26 mins elapsed, rate=17.5k fragments per second         ||
||   90% completed,  26 mins elapsed, rate=17.5k fragments per second         ||
||   91% completed,  26 mins elapsed, rate=17.4k fragments per second         ||
||   91% completed,  26 mins elapsed, rate=17.4k fragments per second         ||
||   92% completed,  26 mins elapsed, rate=17.4k fragments per second         ||
||   92% completed,  26 mins elapsed, rate=17.4k fragments per second         ||
|| Start read mapping in chunk.                                               ||
||   92% completed,  26 mins elapsed, rate=17.5k fragments per second         ||
||   97% completed,  28 mins elapsed, rate=17.4k fragments per second         ||
||   98% completed,  28 mins elapsed, rate=17.4k fragments per second         ||
||   98% completed,  28 mins elapsed, rate=17.4k fragments per second         ||
||   98% completed,  28 mins elapsed, rate=17.4k fragments per second         ||
||   99% completed,  28 mins elapsed, rate=17.4k fragments per second         ||
||   99% completed,  28 mins elapsed, rate=17.4k fragments per second         ||
||   99% completed,  28 mins elapsed, rate=17.4k fragments per second         ||
||   99% completed,  28 mins elapsed, rate=17.4k fragments per second         ||
||                                                                            ||
||                           Completed successfully.                          ||
||                                                                            ||
\\====================================    ====================================//

//================================   Summary =================================\\
||                                                                            ||
||             Total fragments : 30,075,609                                   ||
||                      Mapped : 27,772,673 (92.3%)                           ||
||             Uniquely mapped : 27,772,673                                   ||
||               Multi-mapping : 0                                            ||
||                                                                            ||
||                    Unmapped : 2,302,936                                    ||
||                                                                            ||
||             Properly paired : 21,718,564                                   ||
||         Not properly paired : 6,054,109                                    ||
||                   Singleton : 1,067,552                                    ||
||                    Chimeric : 271,382                                      ||
||       Unexpected strandness : 17,074                                       ||
||  Unexpected fragment length : 4,630,440                                    ||
||       Unexpected read order : 67,661                                       ||
||                                                                            ||
||                      Indels : 141,611                                      ||
||                                                                            ||
||                Running time : 29.0 minutes                                 ||
||                                                                            ||
\\============================================================================//

