
        ==========     _____ _    _ ____  _____  ______          _____  
        =====         / ____| |  | |  _ \|  __ \|  ____|   /\   |  __ \ 
          =====      | (___ | |  | | |_) | |__) | |__     /  \  | |  | |
            ====      \___ \| |  | |  _ <|  _  /|  __|   / /\ \ | |  | |
              ====    ____) | |__| | |_) | | \ \| |____ / ____ \| |__| |
        ==========   |_____/ \____/|____/|_|  \_\______/_/    \_\_____/
	  v2.0.1

//================================= setting ==================================\\
||                                                                            ||
|| Function      : Read alignment (RNA-Seq)                                   ||
|| Input file 1  : SRR6078293_1.tp.fastq.gz                                   ||
|| Input file 2  : SRR6078293_2.tp.fastq.gz                                   ||
|| Output file   : SRR6078293.bam (BAM)                                       ||
|| Index name    : GRCh38.fa.Subread_index                                    ||
||                                                                            ||
||                    ------------------------------------                    ||
||                                                                            ||
||                               Threads : 6                                  ||
||                          Phred offset : 33                                 ||
||               # of extracted subreads : 10                                 ||
||                        Min read1 vote : 3                                  ||
||                        Min read2 vote : 1                                  ||
||                     Max fragment size : 600                                ||
||                     Min fragment size : 50                                 ||
||                        Max mismatches : 3                                  ||
||                      Max indel length : 5                                  ||
||            Report multi-mapping reads : no                                 ||
|| Max alignments per multi-mapping read : 1                                  ||
||                                                                            ||
\\============================================================================//

//================ Running (26-Aug-2021 04:24:23, pid=124368) ================\\
||                                                                            ||
|| Check the input reads.                                                     ||
|| The input file contains base space reads.                                  ||
|| Initialise the memory objects.                                             ||
|| Estimate the mean read length.                                             ||
|| The range of Phred scores observed in the data is [2,41]                   ||
|| Create the output BAM file.                                                ||
|| Check the index.                                                           ||
|| Init the voting space.                                                     ||
|| Global environment is initialised.                                         ||
|| Load the 1-th index block...                                               ||
|| The index block has been loaded.                                           ||
|| Start read mapping in chunk.                                               ||
||    0% completed, 0.2 mins elapsed, rate=22.8k fragments per second         ||
||   Estimated fragment length : 178 bp                                       ||
||    6% completed, 2.5 mins elapsed, rate=16.5k fragments per second         ||
||    7% completed, 2.6 mins elapsed, rate=16.7k fragments per second         ||
||    7% completed, 2.7 mins elapsed, rate=16.8k fragments per second         ||
||    7% completed, 2.8 mins elapsed, rate=17.0k fragments per second         ||
||    8% completed, 2.9 mins elapsed, rate=17.0k fragments per second         ||
||    8% completed, 2.9 mins elapsed, rate=17.1k fragments per second         ||
||    8% completed, 3.0 mins elapsed, rate=17.2k fragments per second         ||
||    8% completed, 3.1 mins elapsed, rate=17.3k fragments per second         ||
||    9% completed, 3.2 mins elapsed, rate=17.4k fragments per second         ||
||    9% completed, 3.3 mins elapsed, rate=17.6k fragments per second         ||
|| Start read mapping in chunk.                                               ||
||    9% completed, 3.4 mins elapsed, rate=18.4k fragments per second         ||
||   16% completed, 5.7 mins elapsed, rate=17.3k fragments per second         ||
||   16% completed, 5.8 mins elapsed, rate=17.3k fragments per second         ||
||   17% completed, 5.9 mins elapsed, rate=17.4k fragments per second         ||
||   17% completed, 6.0 mins elapsed, rate=17.4k fragments per second         ||
||   17% completed, 6.1 mins elapsed, rate=17.4k fragments per second         ||
||   18% completed, 6.2 mins elapsed, rate=17.4k fragments per second         ||
||   18% completed, 6.3 mins elapsed, rate=17.5k fragments per second         ||
||   18% completed, 6.4 mins elapsed, rate=17.5k fragments per second         ||
||   19% completed, 6.6 mins elapsed, rate=17.5k fragments per second         ||
|| Start read mapping in chunk.                                               ||
||   19% completed, 6.7 mins elapsed, rate=17.9k fragments per second         ||
||   26% completed, 9.1 mins elapsed, rate=17.3k fragments per second         ||
||   26% completed, 9.2 mins elapsed, rate=17.3k fragments per second         ||
||   27% completed, 9.4 mins elapsed, rate=17.3k fragments per second         ||
||   27% completed, 9.5 mins elapsed, rate=17.2k fragments per second         ||
||   27% completed, 9.6 mins elapsed, rate=17.2k fragments per second         ||
||   28% completed, 9.7 mins elapsed, rate=17.2k fragments per second         ||
||   28% completed, 9.8 mins elapsed, rate=17.2k fragments per second         ||
||   28% completed,   9 mins elapsed, rate=17.2k fragments per second         ||
||   29% completed,  10 mins elapsed, rate=17.1k fragments per second         ||
|| Start read mapping in chunk.                                               ||
||   29% completed,  10 mins elapsed, rate=17.4k fragments per second         ||
||   36% completed,  12 mins elapsed, rate=17.1k fragments per second         ||
||   36% completed,  12 mins elapsed, rate=17.0k fragments per second         ||
||   36% completed,  12 mins elapsed, rate=17.0k fragments per second         ||
||   36% completed,  13 mins elapsed, rate=17.0k fragments per second         ||
||   37% completed,  13 mins elapsed, rate=17.0k fragments per second         ||
||   37% completed,  13 mins elapsed, rate=17.0k fragments per second         ||
||   38% completed,  13 mins elapsed, rate=16.9k fragments per second         ||
||   38% completed,  13 mins elapsed, rate=16.9k fragments per second         ||
||   38% completed,  13 mins elapsed, rate=16.9k fragments per second         ||
|| Start read mapping in chunk.                                               ||
||   38% completed,  13 mins elapsed, rate=17.1k fragments per second         ||
||   45% completed,  16 mins elapsed, rate=16.8k fragments per second         ||
||   45% completed,  16 mins elapsed, rate=16.8k fragments per second         ||
||   46% completed,  16 mins elapsed, rate=16.7k fragments per second         ||
||   46% completed,  16 mins elapsed, rate=16.7k fragments per second         ||
||   47% completed,  16 mins elapsed, rate=16.7k fragments per second         ||
||   47% completed,  17 mins elapsed, rate=16.7k fragments per second         ||
||   47% completed,  17 mins elapsed, rate=16.6k fragments per second         ||
||   48% completed,  17 mins elapsed, rate=16.6k fragments per second         ||
||   48% completed,  17 mins elapsed, rate=16.6k fragments per second         ||
|| Start read mapping in chunk.                                               ||
||   48% completed,  17 mins elapsed, rate=16.8k fragments per second         ||
||   55% completed,  20 mins elapsed, rate=16.6k fragments per second         ||
||   55% completed,  20 mins elapsed, rate=16.6k fragments per second         ||
||   56% completed,  20 mins elapsed, rate=16.6k fragments per second         ||
||   56% completed,  20 mins elapsed, rate=16.5k fragments per second         ||
||   56% completed,  20 mins elapsed, rate=16.5k fragments per second         ||
||   57% completed,  20 mins elapsed, rate=16.5k fragments per second         ||
||   57% completed,  20 mins elapsed, rate=16.5k fragments per second         ||
||   57% completed,  20 mins elapsed, rate=16.5k fragments per second         ||
||   57% completed,  21 mins elapsed, rate=16.4k fragments per second         ||
||   58% completed,  21 mins elapsed, rate=16.4k fragments per second         ||
|| Start read mapping in chunk.                                               ||
||   58% completed,  21 mins elapsed, rate=16.5k fragments per second         ||
||   65% completed,  23 mins elapsed, rate=16.4k fragments per second         ||
||   65% completed,  23 mins elapsed, rate=16.4k fragments per second         ||
||   65% completed,  24 mins elapsed, rate=16.4k fragments per second         ||
||   66% completed,  24 mins elapsed, rate=16.4k fragments per second         ||
||   66% completed,  24 mins elapsed, rate=16.4k fragments per second         ||
||   66% completed,  24 mins elapsed, rate=16.3k fragments per second         ||
||   67% completed,  24 mins elapsed, rate=16.3k fragments per second         ||
||   67% completed,  24 mins elapsed, rate=16.3k fragments per second         ||
||   67% completed,  24 mins elapsed, rate=16.3k fragments per second         ||
|| Start read mapping in chunk.                                               ||
||   68% completed,  25 mins elapsed, rate=16.4k fragments per second         ||
||   74% completed,  27 mins elapsed, rate=16.3k fragments per second         ||
||   75% completed,  27 mins elapsed, rate=16.2k fragments per second         ||
||   75% completed,  27 mins elapsed, rate=16.2k fragments per second         ||
||   75% completed,  28 mins elapsed, rate=16.2k fragments per second         ||
||   76% completed,  28 mins elapsed, rate=16.1k fragments per second         ||
||   76% completed,  28 mins elapsed, rate=16.1k fragments per second         ||
||   76% completed,  28 mins elapsed, rate=16.1k fragments per second         ||
||   76% completed,  28 mins elapsed, rate=16.1k fragments per second         ||
||   77% completed,  28 mins elapsed, rate=16.1k fragments per second         ||
||   77% completed,  29 mins elapsed, rate=16.0k fragments per second         ||
|| Start read mapping in chunk.                                               ||
||   77% completed,  29 mins elapsed, rate=16.1k fragments per second         ||
||   84% completed,  31 mins elapsed, rate=16.1k fragments per second         ||
||   84% completed,  31 mins elapsed, rate=16.1k fragments per second         ||
||   84% completed,  31 mins elapsed, rate=16.0k fragments per second         ||
||   85% completed,  31 mins elapsed, rate=16.0k fragments per second         ||
||   85% completed,  32 mins elapsed, rate=16.0k fragments per second         ||
||   85% completed,  32 mins elapsed, rate=16.0k fragments per second         ||
||   86% completed,  32 mins elapsed, rate=16.0k fragments per second         ||
||   86% completed,  32 mins elapsed, rate=15.9k fragments per second         ||
||   86% completed,  32 mins elapsed, rate=15.9k fragments per second         ||
|| Start read mapping in chunk.                                               ||
||   87% completed,  33 mins elapsed, rate=16.0k fragments per second         ||
||   93% completed,  35 mins elapsed, rate=15.9k fragments per second         ||
||   94% completed,  35 mins elapsed, rate=15.9k fragments per second         ||
||   94% completed,  35 mins elapsed, rate=15.9k fragments per second         ||
||   94% completed,  35 mins elapsed, rate=15.8k fragments per second         ||
||   95% completed,  36 mins elapsed, rate=15.8k fragments per second         ||
||   95% completed,  36 mins elapsed, rate=15.8k fragments per second         ||
||   95% completed,  36 mins elapsed, rate=15.8k fragments per second         ||
||   95% completed,  36 mins elapsed, rate=15.8k fragments per second         ||
||   96% completed,  36 mins elapsed, rate=15.8k fragments per second         ||
||   96% completed,  36 mins elapsed, rate=15.8k fragments per second         ||
||   96% completed,  36 mins elapsed, rate=15.7k fragments per second         ||
|| Start read mapping in chunk.                                               ||
||   96% completed,  37 mins elapsed, rate=15.8k fragments per second         ||
||   99% completed,  37 mins elapsed, rate=15.8k fragments per second         ||
||   99% completed,  37 mins elapsed, rate=15.7k fragments per second         ||
||   99% completed,  37 mins elapsed, rate=15.7k fragments per second         ||
||   99% completed,  38 mins elapsed, rate=15.7k fragments per second         ||
||   99% completed,  38 mins elapsed, rate=15.7k fragments per second         ||
||   99% completed,  38 mins elapsed, rate=15.7k fragments per second         ||
||   99% completed,  38 mins elapsed, rate=15.7k fragments per second         ||
||   99% completed,  38 mins elapsed, rate=15.7k fragments per second         ||
||   99% completed,  38 mins elapsed, rate=15.7k fragments per second         ||
||                                                                            ||
||                           Completed successfully.                          ||
||                                                                            ||
\\====================================    ====================================//

//================================   Summary =================================\\
||                                                                            ||
||             Total fragments : 36,053,490                                   ||
||                      Mapped : 32,697,975 (90.7%)                           ||
||             Uniquely mapped : 32,697,975                                   ||
||               Multi-mapping : 0                                            ||
||                                                                            ||
||                    Unmapped : 3,355,515                                    ||
||                                                                            ||
||             Properly paired : 25,918,045                                   ||
||         Not properly paired : 6,779,930                                    ||
||                   Singleton : 1,158,274                                    ||
||                    Chimeric : 363,766                                      ||
||       Unexpected strandness : 21,293                                       ||
||  Unexpected fragment length : 5,158,690                                    ||
||       Unexpected read order : 77,907                                       ||
||                                                                            ||
||                      Indels : 156,767                                      ||
||                                                                            ||
||                Running time : 38.3 minutes                                 ||
||                                                                            ||
\\============================================================================//

