Value for argumant -T is not a valid number: '-i'
Invalid parameter '.bam'
Invalid parameter 'SRR6078292.bam'

        ==========     _____ _    _ ____  _____  ______          _____  
        =====         / ____| |  | |  _ \|  __ \|  ____|   /\   |  __ \ 
          =====      | (___ | |  | | |_) | |__) | |__     /  \  | |  | |
            ====      \___ \| |  | |  _ <|  _  /|  __|   / /\ \ | |  | |
              ====    ____) | |__| | |_) | | \ \| |____ / ____ \| |__| |
        ==========   |_____/ \____/|____/|_|  \_\______/_/    \_\_____/
	  v2.0.1

//================================= setting ==================================\\
||                                                                            ||
|| Function      : Read alignment (RNA-Seq)                                   ||
|| Input file 1  : SRR6078292_1.fastq.gz                                      ||
|| Input file 2  : SRR6078292_2.fastq.gz                                      ||
|| Output file   : SRR6078292.bam (BAM)                                       ||
|| Index name    : GRCh38.fa.Subread_index                                    ||
||                                                                            ||
||                    ------------------------------------                    ||
||                                                                            ||
||                               Threads : 6                                  ||
||                          Phred offset : 33                                 ||
||               # of extracted subreads : 10                                 ||
||                        Min read1 vote : 3                                  ||
||                        Min read2 vote : 1                                  ||
||                     Max fragment size : 600                                ||
||                     Min fragment size : 50                                 ||
||                        Max mismatches : 3                                  ||
||                      Max indel length : 5                                  ||
||            Report multi-mapping reads : no                                 ||
|| Max alignments per multi-mapping read : 1                                  ||
||                                                                            ||
\\============================================================================//

//================ Running (25-Aug-2021 01:58:31, pid=88848) =================\\
||                                                                            ||
|| Check the input reads.                                                     ||
|| The input file contains base space reads.                                  ||
|| Initialise the memory objects.                                             ||
|| Estimate the mean read length.                                             ||
|| The range of Phred scores observed in the data is [2,41]                   ||
|| Create the output BAM file.                                                ||
|| Check the index.                                                           ||
|| Init the voting space.                                                     ||
|| Global environment is initialised.                                         ||
|| Load the 1-th index block...                                               ||
|| The index block has been loaded.                                           ||
|| Start read mapping in chunk.                                               ||
||    0% completed, 0.1 mins elapsed, rate=31.7k fragments per second         ||
||   Estimated fragment length : 161 bp                                       ||
||    6% completed, 1.8 mins elapsed, rate=23.1k fragments per second         ||
||    7% completed, 1.9 mins elapsed, rate=23.0k fragments per second         ||
||    7% completed, 1.9 mins elapsed, rate=23.0k fragments per second         ||
||    7% completed, 2.0 mins elapsed, rate=22.9k fragments per second         ||
||    7% completed, 2.1 mins elapsed, rate=22.9k fragments per second         ||
||    8% completed, 2.2 mins elapsed, rate=22.9k fragments per second         ||
||    8% completed, 2.3 mins elapsed, rate=22.8k fragments per second         ||
||    8% completed, 2.4 mins elapsed, rate=22.8k fragments per second         ||
||    9% completed, 2.5 mins elapsed, rate=22.7k fragments per second         ||
|| Start read mapping in chunk.                                               ||
||    9% completed, 2.6 mins elapsed, rate=23.7k fragments per second         ||
||   16% completed, 4.6 mins elapsed, rate=21.5k fragments per second         ||
||   16% completed, 4.7 mins elapsed, rate=21.3k fragments per second         ||
||   17% completed, 4.9 mins elapsed, rate=21.2k fragments per second         ||
||   17% completed, 5.0 mins elapsed, rate=21.0k fragments per second         ||
||   17% completed, 5.1 mins elapsed, rate=20.9k fragments per second         ||
||   18% completed, 5.3 mins elapsed, rate=20.7k fragments per second         ||
||   18% completed, 5.4 mins elapsed, rate=20.6k fragments per second         ||
||   19% completed, 5.5 mins elapsed, rate=20.5k fragments per second         ||
||   19% completed, 5.6 mins elapsed, rate=20.4k fragments per second         ||
||   19% completed, 5.7 mins elapsed, rate=20.3k fragments per second         ||
|| Start read mapping in chunk.                                               ||
||   20% completed, 5.8 mins elapsed, rate=20.5k fragments per second         ||
||   27% completed, 8.2 mins elapsed, rate=19.2k fragments per second         ||
||   27% completed, 8.3 mins elapsed, rate=19.0k fragments per second         ||
||   27% completed, 8.5 mins elapsed, rate=18.9k fragments per second         ||
||   28% completed, 8.7 mins elapsed, rate=18.8k fragments per second         ||
||   28% completed, 8.9 mins elapsed, rate=18.6k fragments per second         ||
||   28% completed, 9.0 mins elapsed, rate=18.5k fragments per second         ||
||   28% completed, 9.1 mins elapsed, rate=18.5k fragments per second         ||
||   29% completed, 9.3 mins elapsed, rate=18.3k fragments per second         ||
||   29% completed, 9.5 mins elapsed, rate=18.2k fragments per second         ||
||   30% completed, 9.7 mins elapsed, rate=18.1k fragments per second         ||
|| Start read mapping in chunk.                                               ||
||   30% completed, 9.8 mins elapsed, rate=18.2k fragments per second         ||
||   36% completed,  11 mins elapsed, rate=18.2k fragments per second         ||
||   37% completed,  12 mins elapsed, rate=17.6k fragments per second         ||
||   38% completed,  12 mins elapsed, rate=17.5k fragments per second         ||
||   38% completed,  12 mins elapsed, rate=17.5k fragments per second         ||
||   38% completed,  12 mins elapsed, rate=17.4k fragments per second         ||
||   39% completed,  12 mins elapsed, rate=17.3k fragments per second         ||
||   39% completed,  13 mins elapsed, rate=17.2k fragments per second         ||
||   39% completed,  13 mins elapsed, rate=17.1k fragments per second         ||
||   40% completed,  13 mins elapsed, rate=17.0k fragments per second         ||
||   40% completed,  13 mins elapsed, rate=16.9k fragments per second         ||
||   40% completed,  13 mins elapsed, rate=16.9k fragments per second         ||
|| Start read mapping in chunk.                                               ||
||   40% completed,  13 mins elapsed, rate=17.0k fragments per second         ||
||   47% completed,  16 mins elapsed, rate=16.9k fragments per second         ||
||   47% completed,  16 mins elapsed, rate=16.6k fragments per second         ||
||   48% completed,  16 mins elapsed, rate=16.5k fragments per second         ||
||   48% completed,  16 mins elapsed, rate=16.4k fragments per second         ||
||   48% completed,  17 mins elapsed, rate=16.3k fragments per second         ||
||   48% completed,  17 mins elapsed, rate=16.3k fragments per second         ||
||   49% completed,  17 mins elapsed, rate=16.2k fragments per second         ||
||   49% completed,  17 mins elapsed, rate=16.1k fragments per second         ||
||   50% completed,  17 mins elapsed, rate=16.1k fragments per second         ||
||   50% completed,  18 mins elapsed, rate=16.0k fragments per second         ||
|| Start read mapping in chunk.                                               ||
||   50% completed,  18 mins elapsed, rate=16.0k fragments per second         ||
||   57% completed,  20 mins elapsed, rate=15.9k fragments per second         ||
||   58% completed,  21 mins elapsed, rate=15.8k fragments per second         ||
||   58% completed,  21 mins elapsed, rate=15.7k fragments per second         ||
||   58% completed,  21 mins elapsed, rate=15.7k fragments per second         ||
||   59% completed,  21 mins elapsed, rate=15.6k fragments per second         ||
||   59% completed,  22 mins elapsed, rate=15.5k fragments per second         ||
||   60% completed,  22 mins elapsed, rate=15.5k fragments per second         ||
||   60% completed,  22 mins elapsed, rate=15.4k fragments per second         ||
||   60% completed,  22 mins elapsed, rate=15.3k fragments per second         ||
|| Start read mapping in chunk.                                               ||
||   60% completed,  22 mins elapsed, rate=15.4k fragments per second         ||
||   67% completed,  25 mins elapsed, rate=15.3k fragments per second         ||
||   68% completed,  25 mins elapsed, rate=15.2k fragments per second         ||
||   68% completed,  25 mins elapsed, rate=15.2k fragments per second         ||
||   68% completed,  26 mins elapsed, rate=15.1k fragments per second         ||
||   69% completed,  26 mins elapsed, rate=15.1k fragments per second         ||
||   69% completed,  26 mins elapsed, rate=15.0k fragments per second         ||
||   69% completed,  26 mins elapsed, rate=15.0k fragments per second         ||
||   70% completed,  27 mins elapsed, rate=14.9k fragments per second         ||
||   70% completed,  27 mins elapsed, rate=14.8k fragments per second         ||
|| Start read mapping in chunk.                                               ||
||   70% completed,  27 mins elapsed, rate=14.9k fragments per second         ||
||   77% completed,  29 mins elapsed, rate=15.0k fragments per second         ||
||   77% completed,  30 mins elapsed, rate=14.9k fragments per second         ||
||   78% completed,  30 mins elapsed, rate=14.9k fragments per second         ||
||   78% completed,  30 mins elapsed, rate=14.8k fragments per second         ||
||   78% completed,  30 mins elapsed, rate=14.8k fragments per second         ||
||   79% completed,  31 mins elapsed, rate=14.7k fragments per second         ||
||   79% completed,  31 mins elapsed, rate=14.6k fragments per second         ||
||   79% completed,  31 mins elapsed, rate=14.6k fragments per second         ||
||   80% completed,  31 mins elapsed, rate=14.5k fragments per second         ||
||   80% completed,  32 mins elapsed, rate=14.5k fragments per second         ||
|| Start read mapping in chunk.                                               ||
||   80% completed,  32 mins elapsed, rate=14.5k fragments per second         ||
||   87% completed,  35 mins elapsed, rate=14.4k fragments per second         ||
||   88% completed,  35 mins elapsed, rate=14.4k fragments per second         ||
||   88% completed,  35 mins elapsed, rate=14.3k fragments per second         ||
||   88% completed,  35 mins elapsed, rate=14.3k fragments per second         ||
||   89% completed,  36 mins elapsed, rate=14.2k fragments per second         ||
||   89% completed,  36 mins elapsed, rate=14.2k fragments per second         ||
||   90% completed,  36 mins elapsed, rate=14.1k fragments per second         ||
||   90% completed,  36 mins elapsed, rate=14.1k fragments per second         ||
||   90% completed,  37 mins elapsed, rate=14.1k fragments per second         ||
|| Start read mapping in chunk.                                               ||
||   90% completed,  37 mins elapsed, rate=14.1k fragments per second         ||
||   97% completed,  40 mins elapsed, rate=14.0k fragments per second         ||
||   97% completed,  40 mins elapsed, rate=14.0k fragments per second         ||
||   97% completed,  40 mins elapsed, rate=14.0k fragments per second         ||
||   98% completed,  40 mins elapsed, rate=13.9k fragments per second         ||
||   98% completed,  41 mins elapsed, rate=13.9k fragments per second         ||
||   98% completed,  41 mins elapsed, rate=13.8k fragments per second         ||
||   99% completed,  41 mins elapsed, rate=13.8k fragments per second         ||
||   99% completed,  41 mins elapsed, rate=13.8k fragments per second         ||
||   99% completed,  42 mins elapsed, rate=13.7k fragments per second         ||
||                                                                            ||
||                           Completed successfully.                          ||
||                                                                            ||
\\====================================    ====================================//

//================================   Summary =================================\\
||                                                                            ||
||             Total fragments : 34,701,800                                   ||
||                      Mapped : 31,411,350 (90.5%)                           ||
||             Uniquely mapped : 31,411,350                                   ||
||               Multi-mapping : 0                                            ||
||                                                                            ||
||                    Unmapped : 3,290,450                                    ||
||                                                                            ||
||             Properly paired : 25,178,348                                   ||
||         Not properly paired : 6,233,002                                    ||
||                   Singleton : 1,214,959                                    ||
||                    Chimeric : 226,163                                      ||
||       Unexpected strandness : 13,687                                       ||
||  Unexpected fragment length : 4,367,098                                    ||
||       Unexpected read order : 411,095                                      ||
||                                                                            ||
||                      Indels : 167,977                                      ||
||                                                                            ||
||                Running time : 42.1 minutes                                 ||
||                                                                            ||
\\============================================================================//

